{"name":"hexo","hostname":"Atmospheres-MacBook-Air.local","pid":53104,"level":20,"msg":"Writing database to /Users/atmosphere/Documents/bah/db.json","time":"2020-03-05T14:26:56.149Z","v":0}
{"name":"hexo","hostname":"Atmospheres-MacBook-Air.local","pid":53104,"level":20,"msg":"Hexo version: \u001b[35m4.2.0\u001b[39m","time":"2020-03-05T14:26:56.165Z","v":0}
{"name":"hexo","hostname":"Atmospheres-MacBook-Air.local","pid":53104,"level":20,"msg":"Working directory: \u001b[35m~/Documents/bah/\u001b[39m","time":"2020-03-05T14:26:56.165Z","v":0}
{"name":"hexo","hostname":"Atmospheres-MacBook-Air.local","pid":53104,"level":20,"msg":"Config loaded: \u001b[35m~/Documents/bah/_config.yml\u001b[39m","time":"2020-03-05T14:26:56.313Z","v":0}
{"name":"hexo","hostname":"Atmospheres-MacBook-Air.local","pid":53104,"level":20,"msg":"Plugin loaded: \u001b[35mhexo-generator-category\u001b[39m","time":"2020-03-05T14:26:56.337Z","v":0}
{"name":"hexo","hostname":"Atmospheres-MacBook-Air.local","pid":53104,"level":20,"msg":"Plugin loaded: \u001b[35mhexo-generator-index\u001b[39m","time":"2020-03-05T14:26:56.339Z","v":0}
{"name":"hexo","hostname":"Atmospheres-MacBook-Air.local","pid":53104,"level":20,"msg":"Plugin loaded: \u001b[35mhexo-generator-tag\u001b[39m","time":"2020-03-05T14:26:56.340Z","v":0}
{"name":"hexo","hostname":"Atmospheres-MacBook-Air.local","pid":53104,"level":20,"msg":"Plugin loaded: \u001b[35mhexo-generator-archive\u001b[39m","time":"2020-03-05T14:26:56.342Z","v":0}
{"name":"hexo","hostname":"Atmospheres-MacBook-Air.local","pid":53104,"level":20,"msg":"Plugin loaded: \u001b[35mhexo-renderer-marked\u001b[39m","time":"2020-03-05T14:26:56.406Z","v":0}
{"name":"hexo","hostname":"Atmospheres-MacBook-Air.local","pid":53104,"level":20,"msg":"Plugin loaded: \u001b[35mhexo-deployer-git\u001b[39m","time":"2020-03-05T14:26:56.409Z","v":0}
{"name":"hexo","hostname":"Atmospheres-MacBook-Air.local","pid":53104,"level":20,"msg":"Plugin loaded: \u001b[35mhexo-renderer-stylus\u001b[39m","time":"2020-03-05T14:26:56.530Z","v":0}
{"name":"hexo","hostname":"Atmospheres-MacBook-Air.local","pid":53104,"level":20,"msg":"Plugin loaded: \u001b[35mhexo-renderer-ejs\u001b[39m","time":"2020-03-05T14:26:56.534Z","v":0}
{"name":"hexo","hostname":"Atmospheres-MacBook-Air.local","pid":53104,"level":20,"msg":"Plugin loaded: \u001b[35mhexo-server\u001b[39m","time":"2020-03-05T14:26:56.615Z","v":0}
{"name":"hexo","hostname":"Atmospheres-MacBook-Air.local","pid":53104,"level":20,"msg":"Script loaded: \u001b[35mthemes/landscape/scripts/fancybox.js\u001b[39m","time":"2020-03-05T14:26:56.619Z","v":0}
{"name":"hexo","hostname":"Atmospheres-MacBook-Air.local","pid":53104,"level":20,"msg":"Loading database.","time":"2020-03-05T14:26:56.623Z","v":0}
{"name":"hexo","hostname":"Atmospheres-MacBook-Air.local","pid":53104,"level":30,"msg":"Start processing","time":"2020-03-05T14:26:56.640Z","v":0}
{"name":"hexo","hostname":"Atmospheres-MacBook-Air.local","pid":53104,"level":20,"msg":"Processed: \u001b[35m_posts/bah.md\u001b[39m","time":"2020-03-05T14:26:56.657Z","v":0}
{"name":"hexo","hostname":"Atmospheres-MacBook-Air.local","pid":53104,"level":20,"msg":"Processed: \u001b[35m_posts/hello-world.md\u001b[39m","time":"2020-03-05T14:26:56.657Z","v":0}
{"name":"hexo","hostname":"Atmospheres-MacBook-Air.local","pid":53104,"level":20,"msg":"Processed: \u001b[35m_posts/test-my-site.md\u001b[39m","time":"2020-03-05T14:26:56.657Z","v":0}
{"name":"hexo","hostname":"Atmospheres-MacBook-Air.local","pid":53104,"level":20,"msg":"Theme config loaded.","time":"2020-03-05T14:26:56.669Z","v":0}
{"name":"hexo","hostname":"Atmospheres-MacBook-Air.local","pid":53104,"level":20,"msg":"Processed: \u001b[35m_config.yml\u001b[39m","time":"2020-03-05T14:26:56.670Z","v":0}
{"name":"hexo","hostname":"Atmospheres-MacBook-Air.local","pid":53104,"level":20,"msg":"Processed: \u001b[35msource/css/style.styl\u001b[39m","time":"2020-03-05T14:26:56.674Z","v":0}
{"name":"hexo","hostname":"Atmospheres-MacBook-Air.local","pid":53104,"level":20,"msg":"Processed: \u001b[35msource/fancybox/blank.gif\u001b[39m","time":"2020-03-05T14:26:56.674Z","v":0}
{"name":"hexo","hostname":"Atmospheres-MacBook-Air.local","pid":53104,"level":20,"msg":"Processed: \u001b[35msource/fancybox/fancybox_loading.gif\u001b[39m","time":"2020-03-05T14:26:56.674Z","v":0}
{"name":"hexo","hostname":"Atmospheres-MacBook-Air.local","pid":53104,"level":20,"msg":"Processed: \u001b[35msource/fancybox/fancybox_loading@2x.gif\u001b[39m","time":"2020-03-05T14:26:56.674Z","v":0}
{"name":"hexo","hostname":"Atmospheres-MacBook-Air.local","pid":53104,"level":20,"msg":"Processed: \u001b[35msource/fancybox/fancybox_overlay.png\u001b[39m","time":"2020-03-05T14:26:56.675Z","v":0}
{"name":"hexo","hostname":"Atmospheres-MacBook-Air.local","pid":53104,"level":20,"msg":"Processed: \u001b[35msource/fancybox/fancybox_sprite.png\u001b[39m","time":"2020-03-05T14:26:56.675Z","v":0}
{"name":"hexo","hostname":"Atmospheres-MacBook-Air.local","pid":53104,"level":20,"msg":"Processed: \u001b[35msource/fancybox/fancybox_sprite@2x.png\u001b[39m","time":"2020-03-05T14:26:56.675Z","v":0}
{"name":"hexo","hostname":"Atmospheres-MacBook-Air.local","pid":53104,"level":20,"msg":"Processed: \u001b[35msource/fancybox/jquery.fancybox.css\u001b[39m","time":"2020-03-05T14:26:56.675Z","v":0}
{"name":"hexo","hostname":"Atmospheres-MacBook-Air.local","pid":53104,"level":20,"msg":"Processed: \u001b[35msource/fancybox/jquery.fancybox.js\u001b[39m","time":"2020-03-05T14:26:56.675Z","v":0}
{"name":"hexo","hostname":"Atmospheres-MacBook-Air.local","pid":53104,"level":20,"msg":"Processed: \u001b[35msource/fancybox/jquery.fancybox.pack.js\u001b[39m","time":"2020-03-05T14:26:56.675Z","v":0}
{"name":"hexo","hostname":"Atmospheres-MacBook-Air.local","pid":53104,"level":20,"msg":"Processed: \u001b[35msource/js/script.js\u001b[39m","time":"2020-03-05T14:26:56.676Z","v":0}
{"name":"hexo","hostname":"Atmospheres-MacBook-Air.local","pid":53104,"level":20,"msg":"Processed: \u001b[35mlayout/layout.ejs\u001b[39m","time":"2020-03-05T14:26:56.685Z","v":0}
{"name":"hexo","hostname":"Atmospheres-MacBook-Air.local","pid":53104,"level":20,"msg":"Processed: \u001b[35mlayout/category.ejs\u001b[39m","time":"2020-03-05T14:26:56.685Z","v":0}
{"name":"hexo","hostname":"Atmospheres-MacBook-Air.local","pid":53104,"level":20,"msg":"Processed: \u001b[35mlayout/index.ejs\u001b[39m","time":"2020-03-05T14:26:56.685Z","v":0}
{"name":"hexo","hostname":"Atmospheres-MacBook-Air.local","pid":53104,"level":20,"msg":"Processed: \u001b[35mlayout/archive.ejs\u001b[39m","time":"2020-03-05T14:26:56.685Z","v":0}
{"name":"hexo","hostname":"Atmospheres-MacBook-Air.local","pid":53104,"level":20,"msg":"Processed: \u001b[35mlayout/page.ejs\u001b[39m","time":"2020-03-05T14:26:56.685Z","v":0}
{"name":"hexo","hostname":"Atmospheres-MacBook-Air.local","pid":53104,"level":20,"msg":"Processed: \u001b[35mlayout/post.ejs\u001b[39m","time":"2020-03-05T14:26:56.685Z","v":0}
{"name":"hexo","hostname":"Atmospheres-MacBook-Air.local","pid":53104,"level":20,"msg":"Processed: \u001b[35mlanguages/fr.yml\u001b[39m","time":"2020-03-05T14:26:56.686Z","v":0}
{"name":"hexo","hostname":"Atmospheres-MacBook-Air.local","pid":53104,"level":20,"msg":"Processed: \u001b[35mlanguages/de.yml\u001b[39m","time":"2020-03-05T14:26:56.686Z","v":0}
{"name":"hexo","hostname":"Atmospheres-MacBook-Air.local","pid":53104,"level":20,"msg":"Processed: \u001b[35mlanguages/default.yml\u001b[39m","time":"2020-03-05T14:26:56.687Z","v":0}
{"name":"hexo","hostname":"Atmospheres-MacBook-Air.local","pid":53104,"level":20,"msg":"Processed: \u001b[35mlanguages/es.yml\u001b[39m","time":"2020-03-05T14:26:56.687Z","v":0}
{"name":"hexo","hostname":"Atmospheres-MacBook-Air.local","pid":53104,"level":20,"msg":"Processed: \u001b[35mlanguages/ja.yml\u001b[39m","time":"2020-03-05T14:26:56.687Z","v":0}
{"name":"hexo","hostname":"Atmospheres-MacBook-Air.local","pid":53104,"level":20,"msg":"Processed: \u001b[35mlanguages/ko.yml\u001b[39m","time":"2020-03-05T14:26:56.687Z","v":0}
{"name":"hexo","hostname":"Atmospheres-MacBook-Air.local","pid":53104,"level":20,"msg":"Processed: \u001b[35mlanguages/nl.yml\u001b[39m","time":"2020-03-05T14:26:56.687Z","v":0}
{"name":"hexo","hostname":"Atmospheres-MacBook-Air.local","pid":53104,"level":20,"msg":"Processed: \u001b[35mlanguages/pt.yml\u001b[39m","time":"2020-03-05T14:26:56.687Z","v":0}
{"name":"hexo","hostname":"Atmospheres-MacBook-Air.local","pid":53104,"level":20,"msg":"Processed: \u001b[35mlanguages/no.yml\u001b[39m","time":"2020-03-05T14:26:56.687Z","v":0}
{"name":"hexo","hostname":"Atmospheres-MacBook-Air.local","pid":53104,"level":20,"msg":"Processed: \u001b[35mlanguages/zh-CN.yml\u001b[39m","time":"2020-03-05T14:26:56.687Z","v":0}
{"name":"hexo","hostname":"Atmospheres-MacBook-Air.local","pid":53104,"level":20,"msg":"Processed: \u001b[35mlanguages/zh-TW.yml\u001b[39m","time":"2020-03-05T14:26:56.687Z","v":0}
{"name":"hexo","hostname":"Atmospheres-MacBook-Air.local","pid":53104,"level":20,"msg":"Processed: \u001b[35mlanguages/ru.yml\u001b[39m","time":"2020-03-05T14:26:56.687Z","v":0}
{"name":"hexo","hostname":"Atmospheres-MacBook-Air.local","pid":53104,"level":20,"msg":"Processed: \u001b[35mlayout/tag.ejs\u001b[39m","time":"2020-03-05T14:26:56.688Z","v":0}
{"name":"hexo","hostname":"Atmospheres-MacBook-Air.local","pid":53104,"level":20,"msg":"Processed: \u001b[35msource/css/fonts/FontAwesome.otf\u001b[39m","time":"2020-03-05T14:26:56.690Z","v":0}
{"name":"hexo","hostname":"Atmospheres-MacBook-Air.local","pid":53104,"level":20,"msg":"Processed: \u001b[35msource/css/fonts/fontawesome-webfont.eot\u001b[39m","time":"2020-03-05T14:26:56.690Z","v":0}
{"name":"hexo","hostname":"Atmospheres-MacBook-Air.local","pid":53104,"level":20,"msg":"Processed: \u001b[35msource/css/fonts/fontawesome-webfont.svg\u001b[39m","time":"2020-03-05T14:26:56.690Z","v":0}
{"name":"hexo","hostname":"Atmospheres-MacBook-Air.local","pid":53104,"level":20,"msg":"Processed: \u001b[35msource/css/fonts/fontawesome-webfont.ttf\u001b[39m","time":"2020-03-05T14:26:56.690Z","v":0}
{"name":"hexo","hostname":"Atmospheres-MacBook-Air.local","pid":53104,"level":20,"msg":"Processed: \u001b[35msource/css/fonts/fontawesome-webfont.woff\u001b[39m","time":"2020-03-05T14:26:56.690Z","v":0}
{"name":"hexo","hostname":"Atmospheres-MacBook-Air.local","pid":53104,"level":20,"msg":"Processed: \u001b[35msource/css/images/banner.jpg\u001b[39m","time":"2020-03-05T14:26:56.690Z","v":0}
{"name":"hexo","hostname":"Atmospheres-MacBook-Air.local","pid":53104,"level":20,"msg":"Processed: \u001b[35msource/fancybox/helpers/fancybox_buttons.png\u001b[39m","time":"2020-03-05T14:26:56.690Z","v":0}
{"name":"hexo","hostname":"Atmospheres-MacBook-Air.local","pid":53104,"level":20,"msg":"Processed: \u001b[35msource/fancybox/helpers/jquery.fancybox-buttons.css\u001b[39m","time":"2020-03-05T14:26:56.691Z","v":0}
{"name":"hexo","hostname":"Atmospheres-MacBook-Air.local","pid":53104,"level":20,"msg":"Processed: \u001b[35msource/fancybox/helpers/jquery.fancybox-buttons.js\u001b[39m","time":"2020-03-05T14:26:56.691Z","v":0}
{"name":"hexo","hostname":"Atmospheres-MacBook-Air.local","pid":53104,"level":20,"msg":"Processed: \u001b[35msource/fancybox/helpers/jquery.fancybox-media.js\u001b[39m","time":"2020-03-05T14:26:56.691Z","v":0}
{"name":"hexo","hostname":"Atmospheres-MacBook-Air.local","pid":53104,"level":20,"msg":"Processed: \u001b[35msource/fancybox/helpers/jquery.fancybox-thumbs.css\u001b[39m","time":"2020-03-05T14:26:56.691Z","v":0}
{"name":"hexo","hostname":"Atmospheres-MacBook-Air.local","pid":53104,"level":20,"msg":"Processed: \u001b[35msource/fancybox/helpers/jquery.fancybox-thumbs.js\u001b[39m","time":"2020-03-05T14:26:56.691Z","v":0}
{"name":"hexo","hostname":"Atmospheres-MacBook-Air.local","pid":53104,"level":20,"msg":"Processed: \u001b[35mlayout/_partial/archive-post.ejs\u001b[39m","time":"2020-03-05T14:26:56.696Z","v":0}
{"name":"hexo","hostname":"Atmospheres-MacBook-Air.local","pid":53104,"level":20,"msg":"Processed: \u001b[35mlayout/_partial/article.ejs\u001b[39m","time":"2020-03-05T14:26:56.696Z","v":0}
{"name":"hexo","hostname":"Atmospheres-MacBook-Air.local","pid":53104,"level":20,"msg":"Processed: \u001b[35mlayout/_partial/google-analytics.ejs\u001b[39m","time":"2020-03-05T14:26:56.696Z","v":0}
{"name":"hexo","hostname":"Atmospheres-MacBook-Air.local","pid":53104,"level":20,"msg":"Processed: \u001b[35mlayout/_partial/after-footer.ejs\u001b[39m","time":"2020-03-05T14:26:56.697Z","v":0}
{"name":"hexo","hostname":"Atmospheres-MacBook-Air.local","pid":53104,"level":20,"msg":"Processed: \u001b[35mlayout/_partial/archive.ejs\u001b[39m","time":"2020-03-05T14:26:56.697Z","v":0}
{"name":"hexo","hostname":"Atmospheres-MacBook-Air.local","pid":53104,"level":20,"msg":"Processed: \u001b[35mlayout/_partial/footer.ejs\u001b[39m","time":"2020-03-05T14:26:56.697Z","v":0}
{"name":"hexo","hostname":"Atmospheres-MacBook-Air.local","pid":53104,"level":20,"msg":"Processed: \u001b[35mlayout/_partial/gauges-analytics.ejs\u001b[39m","time":"2020-03-05T14:26:56.697Z","v":0}
{"name":"hexo","hostname":"Atmospheres-MacBook-Air.local","pid":53104,"level":20,"msg":"Processed: \u001b[35mlayout/_partial/header.ejs\u001b[39m","time":"2020-03-05T14:26:56.697Z","v":0}
{"name":"hexo","hostname":"Atmospheres-MacBook-Air.local","pid":53104,"level":20,"msg":"Processed: \u001b[35mlayout/_partial/head.ejs\u001b[39m","time":"2020-03-05T14:26:56.697Z","v":0}
{"name":"hexo","hostname":"Atmospheres-MacBook-Air.local","pid":53104,"level":20,"msg":"Processed: \u001b[35mlayout/_partial/sidebar.ejs\u001b[39m","time":"2020-03-05T14:26:56.697Z","v":0}
{"name":"hexo","hostname":"Atmospheres-MacBook-Air.local","pid":53104,"level":20,"msg":"Processed: \u001b[35mlayout/_widget/archive.ejs\u001b[39m","time":"2020-03-05T14:26:56.697Z","v":0}
{"name":"hexo","hostname":"Atmospheres-MacBook-Air.local","pid":53104,"level":20,"msg":"Processed: \u001b[35mlayout/_widget/category.ejs\u001b[39m","time":"2020-03-05T14:26:56.697Z","v":0}
{"name":"hexo","hostname":"Atmospheres-MacBook-Air.local","pid":53104,"level":20,"msg":"Processed: \u001b[35mlayout/_partial/mobile-nav.ejs\u001b[39m","time":"2020-03-05T14:26:56.697Z","v":0}
{"name":"hexo","hostname":"Atmospheres-MacBook-Air.local","pid":53104,"level":20,"msg":"Processed: \u001b[35mlayout/_widget/recent_posts.ejs\u001b[39m","time":"2020-03-05T14:26:56.697Z","v":0}
{"name":"hexo","hostname":"Atmospheres-MacBook-Air.local","pid":53104,"level":20,"msg":"Processed: \u001b[35mlayout/_widget/tag.ejs\u001b[39m","time":"2020-03-05T14:26:56.697Z","v":0}
{"name":"hexo","hostname":"Atmospheres-MacBook-Air.local","pid":53104,"level":20,"msg":"Processed: \u001b[35mlayout/_widget/tagcloud.ejs\u001b[39m","time":"2020-03-05T14:26:56.697Z","v":0}
{"name":"hexo","hostname":"Atmospheres-MacBook-Air.local","pid":53104,"level":20,"msg":"Processed: \u001b[35mlayout/_partial/post/category.ejs\u001b[39m","time":"2020-03-05T14:26:56.700Z","v":0}
{"name":"hexo","hostname":"Atmospheres-MacBook-Air.local","pid":53104,"level":20,"msg":"Processed: \u001b[35mlayout/_partial/post/gallery.ejs\u001b[39m","time":"2020-03-05T14:26:56.700Z","v":0}
{"name":"hexo","hostname":"Atmospheres-MacBook-Air.local","pid":53104,"level":20,"msg":"Processed: \u001b[35mlayout/_partial/post/date.ejs\u001b[39m","time":"2020-03-05T14:26:56.701Z","v":0}
{"name":"hexo","hostname":"Atmospheres-MacBook-Air.local","pid":53104,"level":20,"msg":"Processed: \u001b[35mlayout/_partial/post/nav.ejs\u001b[39m","time":"2020-03-05T14:26:56.701Z","v":0}
{"name":"hexo","hostname":"Atmospheres-MacBook-Air.local","pid":53104,"level":20,"msg":"Processed: \u001b[35mlayout/_partial/post/tag.ejs\u001b[39m","time":"2020-03-05T14:26:56.701Z","v":0}
{"name":"hexo","hostname":"Atmospheres-MacBook-Air.local","pid":53104,"level":20,"msg":"Processed: \u001b[35mlayout/_partial/post/title.ejs\u001b[39m","time":"2020-03-05T14:26:56.701Z","v":0}
{"name":"hexo","hostname":"Atmospheres-MacBook-Air.local","pid":53104,"level":20,"msg":"Generator: \u001b[35mpage\u001b[39m","time":"2020-03-05T14:26:56.720Z","v":0}
{"name":"hexo","hostname":"Atmospheres-MacBook-Air.local","pid":53104,"level":20,"msg":"Generator: \u001b[35mpost\u001b[39m","time":"2020-03-05T14:26:56.720Z","v":0}
{"name":"hexo","hostname":"Atmospheres-MacBook-Air.local","pid":53104,"level":20,"msg":"Generator: \u001b[35mcategory\u001b[39m","time":"2020-03-05T14:26:56.720Z","v":0}
{"name":"hexo","hostname":"Atmospheres-MacBook-Air.local","pid":53104,"level":20,"msg":"Generator: \u001b[35mindex\u001b[39m","time":"2020-03-05T14:26:56.720Z","v":0}
{"name":"hexo","hostname":"Atmospheres-MacBook-Air.local","pid":53104,"level":20,"msg":"Generator: \u001b[35mtag\u001b[39m","time":"2020-03-05T14:26:56.720Z","v":0}
{"name":"hexo","hostname":"Atmospheres-MacBook-Air.local","pid":53104,"level":20,"msg":"Generator: \u001b[35marchive\u001b[39m","time":"2020-03-05T14:26:56.720Z","v":0}
{"name":"hexo","hostname":"Atmospheres-MacBook-Air.local","pid":53104,"level":20,"msg":"Generator: \u001b[35masset\u001b[39m","time":"2020-03-05T14:26:56.721Z","v":0}
{"name":"hexo","hostname":"Atmospheres-MacBook-Air.local","pid":53104,"level":30,"msg":"Hexo is running at \u001b[4mhttp://localhost:4000\u001b[24m . Press Ctrl+C to stop.","time":"2020-03-05T14:26:56.732Z","v":0}
{"name":"hexo","hostname":"Atmospheres-MacBook-Air.local","pid":53104,"level":20,"msg":"Database saved","time":"2020-03-05T14:26:56.737Z","v":0}
{"name":"hexo","hostname":"Atmospheres-MacBook-Air.local","pid":53104,"level":20,"msg":"Rendering HTML index: \u001b[35mindex.html\u001b[39m","time":"2020-03-05T14:27:09.598Z","v":0}
{"name":"hexo","hostname":"Atmospheres-MacBook-Air.local","pid":53104,"level":20,"msg":"Processed: \u001b[35m_posts/hello-world.md\u001b[39m","time":"2020-03-05T14:29:10.281Z","v":0}
{"name":"hexo","hostname":"Atmospheres-MacBook-Air.local","pid":53104,"level":20,"msg":"Processed: \u001b[35m_posts/hello-world.md\u001b[39m","time":"2020-03-05T14:29:10.380Z","v":0}
{"name":"hexo","hostname":"Atmospheres-MacBook-Air.local","pid":53104,"level":20,"msg":"Rendering post: \u001b[35m/Users/atmosphere/Documents/bah/source/_posts/hello-world.md\u001b[39m","time":"2020-03-05T14:29:10.492Z","v":0}
{"name":"hexo","hostname":"Atmospheres-MacBook-Air.local","pid":53104,"level":20,"msg":"Generator: \u001b[35mpage\u001b[39m","time":"2020-03-05T14:29:10.517Z","v":0}
{"name":"hexo","hostname":"Atmospheres-MacBook-Air.local","pid":53104,"level":20,"msg":"Generator: \u001b[35mpost\u001b[39m","time":"2020-03-05T14:29:10.517Z","v":0}
{"name":"hexo","hostname":"Atmospheres-MacBook-Air.local","pid":53104,"level":20,"msg":"Generator: \u001b[35mcategory\u001b[39m","time":"2020-03-05T14:29:10.518Z","v":0}
{"name":"hexo","hostname":"Atmospheres-MacBook-Air.local","pid":53104,"level":20,"msg":"Generator: \u001b[35mindex\u001b[39m","time":"2020-03-05T14:29:10.518Z","v":0}
{"name":"hexo","hostname":"Atmospheres-MacBook-Air.local","pid":53104,"level":20,"msg":"Generator: \u001b[35mtag\u001b[39m","time":"2020-03-05T14:29:10.518Z","v":0}
{"name":"hexo","hostname":"Atmospheres-MacBook-Air.local","pid":53104,"level":20,"msg":"Generator: \u001b[35marchive\u001b[39m","time":"2020-03-05T14:29:10.518Z","v":0}
{"name":"hexo","hostname":"Atmospheres-MacBook-Air.local","pid":53104,"level":20,"msg":"Generator: \u001b[35masset\u001b[39m","time":"2020-03-05T14:29:10.519Z","v":0}
{"name":"hexo","hostname":"Atmospheres-MacBook-Air.local","pid":53104,"level":20,"msg":"Processed: \u001b[35m_posts/bah.md\u001b[39m","time":"2020-03-05T14:29:18.781Z","v":0}
{"name":"hexo","hostname":"Atmospheres-MacBook-Air.local","pid":53104,"level":20,"msg":"Rendering post: \u001b[35m/Users/atmosphere/Documents/bah/source/_posts/bah.md\u001b[39m","time":"2020-03-05T14:29:18.888Z","v":0}
{"name":"hexo","hostname":"Atmospheres-MacBook-Air.local","pid":53104,"level":20,"msg":"Generator: \u001b[35mpage\u001b[39m","time":"2020-03-05T14:29:18.893Z","v":0}
{"name":"hexo","hostname":"Atmospheres-MacBook-Air.local","pid":53104,"level":20,"msg":"Generator: \u001b[35mpost\u001b[39m","time":"2020-03-05T14:29:18.893Z","v":0}
{"name":"hexo","hostname":"Atmospheres-MacBook-Air.local","pid":53104,"level":20,"msg":"Generator: \u001b[35mcategory\u001b[39m","time":"2020-03-05T14:29:18.893Z","v":0}
{"name":"hexo","hostname":"Atmospheres-MacBook-Air.local","pid":53104,"level":20,"msg":"Generator: \u001b[35mindex\u001b[39m","time":"2020-03-05T14:29:18.893Z","v":0}
{"name":"hexo","hostname":"Atmospheres-MacBook-Air.local","pid":53104,"level":20,"msg":"Generator: \u001b[35mtag\u001b[39m","time":"2020-03-05T14:29:18.893Z","v":0}
{"name":"hexo","hostname":"Atmospheres-MacBook-Air.local","pid":53104,"level":20,"msg":"Generator: \u001b[35marchive\u001b[39m","time":"2020-03-05T14:29:18.893Z","v":0}
{"name":"hexo","hostname":"Atmospheres-MacBook-Air.local","pid":53104,"level":20,"msg":"Generator: \u001b[35masset\u001b[39m","time":"2020-03-05T14:29:18.894Z","v":0}
{"name":"hexo","hostname":"Atmospheres-MacBook-Air.local","pid":53104,"level":20,"msg":"Processed: \u001b[35m_posts/test-my-site.md\u001b[39m","time":"2020-03-05T14:29:24.983Z","v":0}
{"name":"hexo","hostname":"Atmospheres-MacBook-Air.local","pid":53104,"level":20,"msg":"Processed: \u001b[35m_posts/test-my-site.md\u001b[39m","time":"2020-03-05T14:29:25.083Z","v":0}
{"name":"hexo","hostname":"Atmospheres-MacBook-Air.local","pid":53104,"level":20,"msg":"Rendering post: \u001b[35m/Users/atmosphere/Documents/bah/source/_posts/test-my-site.md\u001b[39m","time":"2020-03-05T14:29:25.188Z","v":0}
{"name":"hexo","hostname":"Atmospheres-MacBook-Air.local","pid":53104,"level":20,"msg":"Generator: \u001b[35mpage\u001b[39m","time":"2020-03-05T14:29:25.192Z","v":0}
{"name":"hexo","hostname":"Atmospheres-MacBook-Air.local","pid":53104,"level":20,"msg":"Generator: \u001b[35mpost\u001b[39m","time":"2020-03-05T14:29:25.192Z","v":0}
{"name":"hexo","hostname":"Atmospheres-MacBook-Air.local","pid":53104,"level":20,"msg":"Generator: \u001b[35mcategory\u001b[39m","time":"2020-03-05T14:29:25.192Z","v":0}
{"name":"hexo","hostname":"Atmospheres-MacBook-Air.local","pid":53104,"level":20,"msg":"Generator: \u001b[35mindex\u001b[39m","time":"2020-03-05T14:29:25.192Z","v":0}
{"name":"hexo","hostname":"Atmospheres-MacBook-Air.local","pid":53104,"level":20,"msg":"Generator: \u001b[35mtag\u001b[39m","time":"2020-03-05T14:29:25.192Z","v":0}
{"name":"hexo","hostname":"Atmospheres-MacBook-Air.local","pid":53104,"level":20,"msg":"Generator: \u001b[35marchive\u001b[39m","time":"2020-03-05T14:29:25.192Z","v":0}
{"name":"hexo","hostname":"Atmospheres-MacBook-Air.local","pid":53104,"level":20,"msg":"Generator: \u001b[35masset\u001b[39m","time":"2020-03-05T14:29:25.193Z","v":0}
{"name":"hexo","hostname":"Atmospheres-MacBook-Air.local","pid":53104,"level":20,"msg":"Generator: \u001b[35mpage\u001b[39m","time":"2020-03-05T14:29:34.316Z","v":0}
{"name":"hexo","hostname":"Atmospheres-MacBook-Air.local","pid":53104,"level":20,"msg":"Generator: \u001b[35mpost\u001b[39m","time":"2020-03-05T14:29:34.316Z","v":0}
{"name":"hexo","hostname":"Atmospheres-MacBook-Air.local","pid":53104,"level":20,"msg":"Generator: \u001b[35mcategory\u001b[39m","time":"2020-03-05T14:29:34.316Z","v":0}
{"name":"hexo","hostname":"Atmospheres-MacBook-Air.local","pid":53104,"level":20,"msg":"Generator: \u001b[35mindex\u001b[39m","time":"2020-03-05T14:29:34.316Z","v":0}
{"name":"hexo","hostname":"Atmospheres-MacBook-Air.local","pid":53104,"level":20,"msg":"Generator: \u001b[35mtag\u001b[39m","time":"2020-03-05T14:29:34.316Z","v":0}
{"name":"hexo","hostname":"Atmospheres-MacBook-Air.local","pid":53104,"level":20,"msg":"Generator: \u001b[35marchive\u001b[39m","time":"2020-03-05T14:29:34.316Z","v":0}
{"name":"hexo","hostname":"Atmospheres-MacBook-Air.local","pid":53104,"level":20,"msg":"Generator: \u001b[35masset\u001b[39m","time":"2020-03-05T14:29:34.317Z","v":0}
{"name":"hexo","hostname":"Atmospheres-MacBook-Air.local","pid":53104,"level":30,"msg":"Good bye","time":"2020-03-05T14:30:36.295Z","v":0}
{"name":"hexo","hostname":"Atmospheres-MacBook-Air.local","pid":53104,"level":20,"msg":"Database saved","time":"2020-03-05T14:30:36.300Z","v":0}
{"name":"hexo","hostname":"Atmospheres-MacBook-Air.local","pid":65087,"level":20,"msg":"Writing database to /Users/atmosphere/Documents/bah/db.json","time":"2020-03-05T20:04:12.259Z","v":0}
{"name":"hexo","hostname":"Atmospheres-MacBook-Air.local","pid":65087,"level":20,"msg":"Hexo version: \u001b[35m4.2.0\u001b[39m","time":"2020-03-05T20:04:12.277Z","v":0}
{"name":"hexo","hostname":"Atmospheres-MacBook-Air.local","pid":65087,"level":20,"msg":"Working directory: \u001b[35m~/Documents/bah/\u001b[39m","time":"2020-03-05T20:04:12.277Z","v":0}
{"name":"hexo","hostname":"Atmospheres-MacBook-Air.local","pid":65087,"level":20,"msg":"Config loaded: \u001b[35m~/Documents/bah/_config.yml\u001b[39m","time":"2020-03-05T20:04:14.426Z","v":0}
{"name":"hexo","hostname":"Atmospheres-MacBook-Air.local","pid":65087,"level":20,"msg":"Plugin loaded: \u001b[35mhexo-generator-archive\u001b[39m","time":"2020-03-05T20:04:14.447Z","v":0}
{"name":"hexo","hostname":"Atmospheres-MacBook-Air.local","pid":65087,"level":20,"msg":"Plugin loaded: \u001b[35mhexo-deployer-git\u001b[39m","time":"2020-03-05T20:04:14.449Z","v":0}
{"name":"hexo","hostname":"Atmospheres-MacBook-Air.local","pid":65087,"level":20,"msg":"Plugin loaded: \u001b[35mhexo-generator-index-pin-top\u001b[39m","time":"2020-03-05T20:04:14.454Z","v":0}
{"name":"hexo","hostname":"Atmospheres-MacBook-Air.local","pid":65087,"level":20,"msg":"Plugin loaded: \u001b[35mhexo-renderer-ejs\u001b[39m","time":"2020-03-05T20:04:14.459Z","v":0}
{"name":"hexo","hostname":"Atmospheres-MacBook-Air.local","pid":65087,"level":20,"msg":"Plugin loaded: \u001b[35mhexo-renderer-marked\u001b[39m","time":"2020-03-05T20:04:14.514Z","v":0}
{"name":"hexo","hostname":"Atmospheres-MacBook-Air.local","pid":65087,"level":20,"msg":"Plugin loaded: \u001b[35mhexo-generator-category\u001b[39m","time":"2020-03-05T20:04:14.516Z","v":0}
{"name":"hexo","hostname":"Atmospheres-MacBook-Air.local","pid":65087,"level":20,"msg":"Plugin loaded: \u001b[35mhexo-renderer-stylus\u001b[39m","time":"2020-03-05T20:04:14.633Z","v":0}
{"name":"hexo","hostname":"Atmospheres-MacBook-Air.local","pid":65087,"level":20,"msg":"Plugin loaded: \u001b[35mhexo-generator-tag\u001b[39m","time":"2020-03-05T20:04:14.635Z","v":0}
{"name":"hexo","hostname":"Atmospheres-MacBook-Air.local","pid":65087,"level":20,"msg":"Plugin loaded: \u001b[35mhexo-server\u001b[39m","time":"2020-03-05T20:04:14.723Z","v":0}
{"name":"hexo","hostname":"Atmospheres-MacBook-Air.local","pid":65126,"level":20,"msg":"Writing database to /Users/atmosphere/Documents/bah/db.json","time":"2020-03-05T20:05:18.315Z","v":0}
{"name":"hexo","hostname":"Atmospheres-MacBook-Air.local","pid":65126,"level":20,"msg":"Hexo version: \u001b[35m4.2.0\u001b[39m","time":"2020-03-05T20:05:18.329Z","v":0}
{"name":"hexo","hostname":"Atmospheres-MacBook-Air.local","pid":65126,"level":20,"msg":"Working directory: \u001b[35m~/Documents/bah/\u001b[39m","time":"2020-03-05T20:05:18.329Z","v":0}
{"name":"hexo","hostname":"Atmospheres-MacBook-Air.local","pid":65126,"level":20,"msg":"Config loaded: \u001b[35m~/Documents/bah/_config.yml\u001b[39m","time":"2020-03-05T20:05:18.466Z","v":0}
{"name":"hexo","hostname":"Atmospheres-MacBook-Air.local","pid":65126,"level":20,"msg":"Plugin loaded: \u001b[35mhexo-deployer-git\u001b[39m","time":"2020-03-05T20:05:18.487Z","v":0}
{"name":"hexo","hostname":"Atmospheres-MacBook-Air.local","pid":65126,"level":20,"msg":"Plugin loaded: \u001b[35mhexo-generator-category\u001b[39m","time":"2020-03-05T20:05:18.490Z","v":0}
{"name":"hexo","hostname":"Atmospheres-MacBook-Air.local","pid":65126,"level":20,"msg":"Plugin loaded: \u001b[35mhexo-generator-archive\u001b[39m","time":"2020-03-05T20:05:18.492Z","v":0}
{"name":"hexo","hostname":"Atmospheres-MacBook-Air.local","pid":65126,"level":20,"msg":"Plugin loaded: \u001b[35mhexo-generator-index-pin-top\u001b[39m","time":"2020-03-05T20:05:18.497Z","v":0}
{"name":"hexo","hostname":"Atmospheres-MacBook-Air.local","pid":65126,"level":20,"msg":"Plugin loaded: \u001b[35mhexo-generator-tag\u001b[39m","time":"2020-03-05T20:05:18.498Z","v":0}
{"name":"hexo","hostname":"Atmospheres-MacBook-Air.local","pid":65126,"level":20,"msg":"Plugin loaded: \u001b[35mhexo-renderer-ejs\u001b[39m","time":"2020-03-05T20:05:18.503Z","v":0}
{"name":"hexo","hostname":"Atmospheres-MacBook-Air.local","pid":65126,"level":20,"msg":"Plugin loaded: \u001b[35mhexo-renderer-marked\u001b[39m","time":"2020-03-05T20:05:18.560Z","v":0}
{"name":"hexo","hostname":"Atmospheres-MacBook-Air.local","pid":65126,"level":20,"msg":"Plugin loaded: \u001b[35mhexo-renderer-stylus\u001b[39m","time":"2020-03-05T20:05:18.679Z","v":0}
{"name":"hexo","hostname":"Atmospheres-MacBook-Air.local","pid":65126,"level":20,"msg":"Plugin loaded: \u001b[35mhexo-server\u001b[39m","time":"2020-03-05T20:05:18.761Z","v":0}
